<?xml version="1.0" encoding="UTF-8"?>
<!-- Generated by org.testng.reporters.JUnitXMLReporter -->
<testsuite ignored="1" hostname="DESKTOP-EAPH7K5" failures="0" tests="1" name="Default test" time="12.926" errors="0" timestamp="06 Aug 2024 05:58:05 GMT">
  <testcase classname="testcases.CheckoutPageTest" name="TC03_verifyCheckOutHeaderText" time="3.78"/>
  <testcase classname="testcases.CheckoutPageTest" name="TC01_clickonCkeckout" time="0.0">
    <ignored/>
  </testcase> <!-- TC01_clickonCkeckout -->
</testsuite> <!-- Default test -->
