<?xml version="1.0" encoding="UTF-8"?>
<!-- Generated by org.testng.reporters.JUnitXMLReporter -->
<testsuite ignored="2" hostname="ip-172-31-25-243" failures="0" tests="1" name="Default test" time="2.339" errors="0" timestamp="22 Jul 2024 07:46:59 GMT">
  <testcase classname="testcases.LoginTest" name="TC03_LockedUserTest" time="0.243"/>
  <testcase classname="testcases.LoginTest" name="TC01_LoginSuccessTest" time="0.0">
    <ignored/>
  </testcase> <!-- TC01_LoginSuccessTest -->
  <testcase classname="testcases.LoginTest" name="TC02_LoginFailureTest" time="0.0">
    <ignored/>
  </testcase> <!-- TC02_LoginFailureTest -->
</testsuite> <!-- Default test -->
