<?xml version="1.0" encoding="UTF-8"?>
<!-- Generated by org.testng.reporters.JUnitXMLReporter -->
<testsuite ignored="0" hostname="DESKTOP-EAPH7K5" failures="0" tests="8" name="Test" time="129.736" errors="0" timestamp="06 Aug 2024 06:21:43 GMT">
  <testcase classname="testcases.CheckoutPageTest" name="TC01_clickonCkeckout" time="4.13"/>
  <testcase classname="testcases.CheckoutPageTest" name="TC03_verifyCheckOutHeaderText" time="2.963"/>
  <testcase classname="testcases.EndToEndTest" name="TC01_EndToEndScenario" time="6.916"/>
  <testcase classname="testcases.HomePageTest" name="TC01_productList" time="3.732"/>
  <testcase classname="testcases.HomePageTest" name="TC02_verifyitemaddedtoShopingCart" time="2.671"/>
  <testcase classname="testcases.LoginTest" name="TC01_LoginSuccessTest" time="2.519"/>
  <testcase classname="testcases.LoginTest" name="TC02_LoginFailureTest" time="0.686"/>
  <testcase classname="testcases.LoginTest" name="TC03_LockedUserTest" time="0.701"/>
</testsuite> <!-- Test -->
