<?xml version="1.0" encoding="UTF-8"?>
<testng-results ignored="2" total="3" passed="1" failed="0" skipped="0">
  <reporter-output>
  </reporter-output>
  <suite started-at="2024-07-22T07:46:57Z" name="Default suite" finished-at="2024-07-22T07:46:59Z" duration-ms="2339">
    <groups>
    </groups>
    <test started-at="2024-07-22T07:46:57Z" name="Default test" finished-at="2024-07-22T07:46:59Z" duration-ms="2339">
      <class name="testcases.LoginTest">
        <test-method is-config="true" signature="setUpDriver()[pri:0, instance:testcases.LoginTest@1fb669c3]" started-at="2024-07-22T07:46:57Z" name="setUpDriver" finished-at="2024-07-22T07:46:59Z" duration-ms="2001" status="PASS">
          <reporter-output>
          </reporter-output>
        </test-method> <!-- setUpDriver -->
        <test-method signature="TC03_LockedUserTest()[pri:0, instance:testcases.LoginTest@1fb669c3]" started-at="2024-07-22T07:46:59Z" name="TC03_LockedUserTest" finished-at="2024-07-22T07:46:59Z" duration-ms="243" status="PASS">
          <reporter-output>
          </reporter-output>
        </test-method> <!-- TC03_LockedUserTest -->
        <test-method is-config="true" signature="tearDown()[pri:0, instance:testcases.LoginTest@1fb669c3]" started-at="2024-07-22T07:46:59Z" name="tearDown" finished-at="2024-07-22T07:46:59Z" duration-ms="77" status="PASS">
          <reporter-output>
          </reporter-output>
        </test-method> <!-- tearDown -->
      </class> <!-- testcases.LoginTest -->
    </test> <!-- Default test -->
  </suite> <!-- Default suite -->
</testng-results>
