<?xml version="1.0" encoding="UTF-8"?>
<testng-results ignored="0" total="8" passed="8" failed="0" skipped="0">
  <reporter-output>
  </reporter-output>
  <suite started-at="2024-08-06T06:19:33Z" name="Suite" finished-at="2024-08-06T06:21:43Z" duration-ms="129736">
    <groups>
    </groups>
    <test started-at="2024-08-06T06:19:33Z" name="Test" finished-at="2024-08-06T06:21:43Z" duration-ms="129736">
      <class name="testcases.HomePageTest">
        <test-method is-config="true" signature="setUpDriver()[pri:0, instance:testcases.HomePageTest@7582ff54]" started-at="2024-08-06T06:20:42Z" name="setUpDriver" finished-at="2024-08-06T06:20:50Z" duration-ms="8542" status="PASS">
          <reporter-output>
          </reporter-output>
        </test-method> <!-- setUpDriver -->
        <test-method signature="TC01_productList()[pri:0, instance:testcases.HomePageTest@7582ff54]" started-at="2024-08-06T06:20:50Z" name="TC01_productList" finished-at="2024-08-06T06:20:54Z" duration-ms="3732" status="PASS">
          <reporter-output>
          </reporter-output>
        </test-method> <!-- TC01_productList -->
        <test-method is-config="true" signature="tearDown()[pri:0, instance:testcases.HomePageTest@7582ff54]" started-at="2024-08-06T06:20:54Z" name="tearDown" finished-at="2024-08-06T06:20:55Z" duration-ms="490" status="PASS">
          <reporter-output>
          </reporter-output>
        </test-method> <!-- tearDown -->
        <test-method is-config="true" signature="setUpDriver()[pri:0, instance:testcases.HomePageTest@7582ff54]" started-at="2024-08-06T06:20:55Z" name="setUpDriver" finished-at="2024-08-06T06:21:03Z" duration-ms="8635" status="PASS">
          <reporter-output>
          </reporter-output>
        </test-method> <!-- setUpDriver -->
        <test-method signature="TC02_verifyitemaddedtoShopingCart()[pri:0, instance:testcases.HomePageTest@7582ff54]" started-at="2024-08-06T06:21:03Z" name="TC02_verifyitemaddedtoShopingCart" finished-at="2024-08-06T06:21:06Z" duration-ms="2671" status="PASS">
          <reporter-output>
          </reporter-output>
        </test-method> <!-- TC02_verifyitemaddedtoShopingCart -->
        <test-method is-config="true" signature="tearDown()[pri:0, instance:testcases.HomePageTest@7582ff54]" started-at="2024-08-06T06:21:06Z" name="tearDown" finished-at="2024-08-06T06:21:07Z" duration-ms="587" status="PASS">
          <reporter-output>
          </reporter-output>
        </test-method> <!-- tearDown -->
      </class> <!-- testcases.HomePageTest -->
      <class name="testcases.EndToEndTest">
        <test-method is-config="true" signature="setUpDriver()[pri:0, instance:testcases.EndToEndTest@6c2c1385]" started-at="2024-08-06T06:20:23Z" name="setUpDriver" finished-at="2024-08-06T06:20:34Z" duration-ms="11018" status="PASS">
          <reporter-output>
          </reporter-output>
        </test-method> <!-- setUpDriver -->
        <test-method signature="TC01_EndToEndScenario()[pri:0, instance:testcases.EndToEndTest@6c2c1385]" started-at="2024-08-06T06:20:34Z" name="TC01_EndToEndScenario" finished-at="2024-08-06T06:20:41Z" duration-ms="6916" status="PASS">
          <reporter-output>
          </reporter-output>
        </test-method> <!-- TC01_EndToEndScenario -->
        <test-method is-config="true" signature="tearDown()[pri:0, instance:testcases.EndToEndTest@6c2c1385]" started-at="2024-08-06T06:20:41Z" name="tearDown" finished-at="2024-08-06T06:20:42Z" duration-ms="559" status="PASS">
          <reporter-output>
          </reporter-output>
        </test-method> <!-- tearDown -->
      </class> <!-- testcases.EndToEndTest -->
      <class name="testcases.LoginTest">
        <test-method is-config="true" signature="setUpDriver()[pri:0, instance:testcases.LoginTest@67545b57]" started-at="2024-08-06T06:21:07Z" name="setUpDriver" finished-at="2024-08-06T06:21:15Z" duration-ms="8173" status="PASS">
          <reporter-output>
          </reporter-output>
        </test-method> <!-- setUpDriver -->
        <test-method signature="TC01_LoginSuccessTest()[pri:0, instance:testcases.LoginTest@67545b57]" started-at="2024-08-06T06:21:15Z" name="TC01_LoginSuccessTest" finished-at="2024-08-06T06:21:17Z" duration-ms="2519" status="PASS">
          <reporter-output>
          </reporter-output>
        </test-method> <!-- TC01_LoginSuccessTest -->
        <test-method is-config="true" signature="tearDown()[pri:0, instance:testcases.LoginTest@67545b57]" started-at="2024-08-06T06:21:17Z" name="tearDown" finished-at="2024-08-06T06:21:19Z" duration-ms="1381" status="PASS">
          <reporter-output>
          </reporter-output>
        </test-method> <!-- tearDown -->
        <test-method is-config="true" signature="setUpDriver()[pri:0, instance:testcases.LoginTest@67545b57]" started-at="2024-08-06T06:21:19Z" name="setUpDriver" finished-at="2024-08-06T06:21:27Z" duration-ms="8071" status="PASS">
          <reporter-output>
          </reporter-output>
        </test-method> <!-- setUpDriver -->
        <test-method signature="TC02_LoginFailureTest()[pri:0, instance:testcases.LoginTest@67545b57]" started-at="2024-08-06T06:21:27Z" name="TC02_LoginFailureTest" finished-at="2024-08-06T06:21:27Z" duration-ms="686" status="PASS">
          <reporter-output>
          </reporter-output>
        </test-method> <!-- TC02_LoginFailureTest -->
        <test-method is-config="true" signature="tearDown()[pri:0, instance:testcases.LoginTest@67545b57]" started-at="2024-08-06T06:21:27Z" name="tearDown" finished-at="2024-08-06T06:21:28Z" duration-ms="447" status="PASS">
          <reporter-output>
          </reporter-output>
        </test-method> <!-- tearDown -->
        <test-method is-config="true" signature="setUpDriver()[pri:0, instance:testcases.LoginTest@67545b57]" started-at="2024-08-06T06:21:28Z" name="setUpDriver" finished-at="2024-08-06T06:21:41Z" duration-ms="13507" status="PASS">
          <reporter-output>
          </reporter-output>
        </test-method> <!-- setUpDriver -->
        <test-method signature="TC03_LockedUserTest()[pri:0, instance:testcases.LoginTest@67545b57]" started-at="2024-08-06T06:21:41Z" name="TC03_LockedUserTest" finished-at="2024-08-06T06:21:42Z" duration-ms="701" status="PASS">
          <reporter-output>
          </reporter-output>
        </test-method> <!-- TC03_LockedUserTest -->
        <test-method is-config="true" signature="tearDown()[pri:0, instance:testcases.LoginTest@67545b57]" started-at="2024-08-06T06:21:42Z" name="tearDown" finished-at="2024-08-06T06:21:43Z" duration-ms="598" status="PASS">
          <reporter-output>
          </reporter-output>
        </test-method> <!-- tearDown -->
      </class> <!-- testcases.LoginTest -->
      <class name="testcases.CheckoutPageTest">
        <test-method is-config="true" signature="setUpDriver()[pri:0, instance:testcases.CheckoutPageTest@8576fa0]" started-at="2024-08-06T06:19:33Z" name="setUpDriver" finished-at="2024-08-06T06:20:03Z" duration-ms="30322" status="PASS">
          <reporter-output>
          </reporter-output>
        </test-method> <!-- setUpDriver -->
        <test-method signature="TC01_clickonCkeckout()[pri:0, instance:testcases.CheckoutPageTest@8576fa0]" started-at="2024-08-06T06:20:03Z" name="TC01_clickonCkeckout" finished-at="2024-08-06T06:20:08Z" duration-ms="4130" status="PASS">
          <reporter-output>
          </reporter-output>
        </test-method> <!-- TC01_clickonCkeckout -->
        <test-method is-config="true" signature="tearDown()[pri:0, instance:testcases.CheckoutPageTest@8576fa0]" started-at="2024-08-06T06:20:08Z" name="tearDown" finished-at="2024-08-06T06:20:08Z" duration-ms="692" status="PASS">
          <reporter-output>
          </reporter-output>
        </test-method> <!-- tearDown -->
        <test-method is-config="true" signature="setUpDriver()[pri:0, instance:testcases.CheckoutPageTest@8576fa0]" started-at="2024-08-06T06:20:08Z" name="setUpDriver" finished-at="2024-08-06T06:20:19Z" duration-ms="11186" status="PASS">
          <reporter-output>
          </reporter-output>
        </test-method> <!-- setUpDriver -->
        <test-method signature="TC03_verifyCheckOutHeaderText()[pri:0, instance:testcases.CheckoutPageTest@8576fa0]" started-at="2024-08-06T06:20:19Z" name="TC03_verifyCheckOutHeaderText" finished-at="2024-08-06T06:20:22Z" duration-ms="2963" status="PASS">
          <reporter-output>
          </reporter-output>
        </test-method> <!-- TC03_verifyCheckOutHeaderText -->
        <test-method is-config="true" signature="tearDown()[pri:0, instance:testcases.CheckoutPageTest@8576fa0]" started-at="2024-08-06T06:20:22Z" name="tearDown" finished-at="2024-08-06T06:20:23Z" duration-ms="997" status="PASS">
          <reporter-output>
          </reporter-output>
        </test-method> <!-- tearDown -->
      </class> <!-- testcases.CheckoutPageTest -->
    </test> <!-- Test -->
  </suite> <!-- Suite -->
</testng-results>
